make all --print-data-base --no-builtin-variables --no-builtin-rules --question
# GNU Make 3.81
# Copyright (C) 2006  Free Software Foundation, Inc.
# This is free software; see the source for copying conditions.
# There is NO warranty; not even for MERCHANTABILITY or FITNESS FOR A
# PARTICULAR PURPOSE.

# This program built for i386-apple-darwin11.3.0
 

# Make data base, printed on Thu Aug 18 21:19:34 2022

# Variables

 
# automatic
<D = $(patsubst %/,%,$(dir $<))
# automatic
?F = $(notdir $?)
# environment
ELECTRON_NO_ATTACH_CONSOLE = 1
# automatic
?D = $(patsubst %/,%,$(dir $?))
# automatic
@D = $(patsubst %/,%,$(dir $@))
# automatic
@F = $(notdir $@)
# makefile
CURDIR := /Users/nouswong/Code/42Seoul_Inner/ft_printf
# makefile
SHELL = /bin/sh
# makefile (from `Makefile', line 30)
RM = rm -f
# environment
VSCODE_NLS_CONFIG = {"locale":"ko","availableLanguages":{"*":"ko"},"_languagePackId":"2dff5cff996ed6cbe8d8aa8740f86aa0.ko","_translationsConfigFile":"/Users/nouswong/Library/Application Support/Code/clp/2dff5cff996ed6cbe8d8aa8740f86aa0.ko/tcf.json","_cacheRoot":"/Users/nouswong/Library/Application Support/Code/clp/2dff5cff996ed6cbe8d8aa8740f86aa0.ko","_resolvedLanguagePackCoreLocation":"/Users/nouswong/Library/Application Support/Code/clp/2dff5cff996ed6cbe8d8aa8740f86aa0.ko/3b889b090b5ad5793f524b5d1d39fda662b96a2a","_corruptedFile":"/Users/nouswong/Library/Application Support/Code/clp/2dff5cff996ed6cbe8d8aa8740f86aa0.ko/corrupted.info","_languagePackSupport":true}
# environment
_ = /usr/bin/make
# makefile (from `Makefile', line 33)
CFLAGS = -Wall -Wextra -Werror
# makefile (from `Makefile', line 1)
MAKEFILE_LIST :=  Makefile
# environment
__CFBundleIdentifier = com.microsoft.VSCode
# environment
INFOPATH = /opt/homebrew/share/info:/opt/homebrew/share/info:
# environment
VSCODE_CWD = /Users/nouswong/Code/42Seoul_Inner/ft_printf
# environment
PATH = /opt/homebrew/bin:/opt/homebrew/sbin:/usr/local/bin:/usr/bin:/bin:/usr/sbin:/sbin:/opt/homebrew/bin:/opt/homebrew/sbin
# environment
LSCOLORS = Gxfxcxdxbxegedabagacad
# environment
LaunchInstanceID = C6DADBFD-FBC5-428B-A26E-60F8F09E59D2
# environment
ELECTRON_RUN_AS_NODE = 1
# default
.FEATURES := target-specific order-only second-expansion else-if archives jobserver check-symlink
# environment
SSH_AUTH_SOCK = /private/tmp/com.apple.launchd.rVv7PX7iPR/Listeners
# automatic
%F = $(notdir $%)
# makefile (from `Makefile', line 22)
OBJS = ft_printf.o print_function_1.o print_function_2.o print_function_3.o Lib1.o
# environment
PWD = /Users/nouswong/Code/42Seoul_Inner/ft_printf
# environment
HOMEBREW_CELLAR = /opt/homebrew/Cellar
# environment
ORIGINAL_XDG_CURRENT_DESKTOP = undefined
# environment
MANPATH = /opt/homebrew/share/man:/usr/share/man:/usr/local/share/man:/opt/homebrew/share/man:
# environment
VSCODE_AMD_ENTRYPOINT = vs/workbench/api/node/extensionHostProcess
# environment
HOME = /Users/nouswong
# default
MAKEFILEPATH = $(shell /usr/bin/xcode-select -print-path 2>/dev/null || echo /Developer)/Makefiles
# environment
VSCODE_CLI = 1
# environment
VSCODE_CODE_CACHE_PATH = /Users/nouswong/Library/Application Support/Code/CachedData/3b889b090b5ad5793f524b5d1d39fda662b96a2a
# environment
LOGNAME = nouswong
# environment
APPLICATION_INSIGHTS_NO_DIAGNOSTIC_CHANNEL = true
# environment
ZSH = /Users/nouswong/.oh-my-zsh
# environment
VSCODE_HANDLES_UNCAUGHT_ERRORS = true
# automatic
^D = $(patsubst %/,%,$(dir $^))
# environment
XPC_FLAGS = 0x0
# environment
COLORTERM = truecolor
# default
MAKE = $(MAKE_COMMAND)
# environment
LC_TERMINAL = iTerm2
# makefile (from `Makefile', line 15)
SRCS = ft_printf.c srcs/print_function_1.c srcs/print_function_2.c srcs/print_function_3.c Lib/Lib1.c
# environment
SHLVL = 4
# makefile (from `Makefile', line 32)
CC = gcc
# default
MAKE_VERSION := 3.81
# environment
USER = nouswong
# makefile
.DEFAULT_GOAL := all
# makefile (from `Makefile', line 28)
INCLUDE = inc/ft_printf.h
# default
MAKECMDGOALS := all
# environment
TERM_SESSION_ID = w0t0p0:5490D60C-1EC1-4569-B7BA-07348C35DBB4
 
# makefile (from `Makefile', line 13)
NAME = libftprintf.a
# environment
LESS = -R
# automatic
%D = $(patsubst %/,%,$(dir $%))
# default
MAKE_COMMAND := /Library/Developer/CommandLineTools/usr/bin/make
# environment
TERM_PROGRAM = iTerm.app
# default
.VARIABLES := 
# environment
TMPDIR = /var/folders/pm/stgqp3mj6qx_48c7qz8c7xnm0000gn/T/
# automatic
*F = $(notdir $*)
# environment
VSCODE_IPC_HOOK = /Users/nouswong/Library/Application Support/Code/1.69.2-main.sock
# environment
MallocNanoZone = 0
# makefile
MAKEFLAGS = Rrqp
# environment
MFLAGS = -Rrqp
# automatic
*D = $(patsubst %/,%,$(dir $*))
# environment
TERM_PROGRAM_VERSION = 3.4.16
# environment
XPC_SERVICE_NAME = application.com.microsoft.VSCode.739920.739926.957B6EA8-A882-49A5-9658-4F7F688C8D10
# environment
LC_TERMINAL_VERSION = 3.4.16
# environment
HOMEBREW_PREFIX = /opt/homebrew
# automatic
+D = $(patsubst %/,%,$(dir $+))
# automatic
+F = $(notdir $+)
# environment
ITERM_SESSION_ID = w0t0p0:5490D60C-1EC1-4569-B7BA-07348C35DBB4
# environment
HOMEBREW_REPOSITORY = /opt/homebrew
# environment
COLORFGBG = 7;0
# environment
__CF_USER_TEXT_ENCODING = 0x1F5:0x3:0x33
# environment
COMMAND_MODE = unix2003
# default
MAKEFILES := 
# automatic
<F = $(notdir $<)
# environment
ITERM_PROFILE = Default
# environment
PAGER = less
# environment
LC_ALL = C
# makefile (from `Makefile', line 31)
LIBC = ar -rcs
# environment
SECURITYSESSIONID = 186a4
# automatic
^F = $(notdir $^)
# default
SUFFIXES := 
# environment
MAKELEVEL := 0
# environment
LANG = C
# environment
TERM = xterm-256color
# environment
VSCODE_PID = 429
# variable set hash-table stats:
# Load=88/1024=9%, Rehash=0, Collisions=12/117=10%

# Pattern-specific Variable Values

# No pattern-specific variable values.

# Directories

# . (device 16777232, inode 1507782): 20 files, no impossibilities.

# 20 files, no impossibilities in 1 directories.

# Implicit Rules

# No implicit rules.

# Files

# Not a target:
srcs/print_function_3.c:
#  Implicit rule search has been done.
 
#  Last modified 2022-08-18 20:58:59
#  File has been updated.
#  Successfully updated.
# variable set hash-table stats:
# Load=0/32=0%, Rehash=0, Collisions=0/0=0%

all: libftprintf.a
#  Phony target (prerequisite of .PHONY).
#  Command-line target.
#  Implicit rule search has not been done.
#  File does not exist.
#  File has been updated.
#  Successfully updated.
# variable set hash-table stats:
# Load=0/32=0%, Rehash=0, Collisions=0/0=0%

.PHONY: all clean fclean re
#  Implicit rule search has not been done.
#  Modification time never checked.
#  File has not been updated.

print_function_2.o: ft_printf.c srcs/print_function_1.c srcs/print_function_2.c srcs/print_function_3.c Lib/Lib1.c inc/ft_printf.h
#  Implicit rule search has not been done.
#  Last modified 2022-08-18 21:17:33
#  File has been updated.
#  Successfully updated.
#  commands to execute (from `Makefile', line 41):
	${CC} -c ${CFLAGS} $(SRCS)
	${LIBC} $(NAME) $(OBJS)
	

ft_printf.o: ft_printf.c srcs/print_function_1.c srcs/print_function_2.c srcs/print_function_3.c Lib/Lib1.c inc/ft_printf.h
#  Implicit rule search has not been done.
#  Last modified 2022-08-18 21:17:33
#  File has been updated.
#  Successfully updated.
# variable set hash-table stats:
# Load=0/32=0%, Rehash=0, Collisions=0/0=0%
#  commands to execute (from `Makefile', line 41):
	${CC} -c ${CFLAGS} $(SRCS)
	${LIBC} $(NAME) $(OBJS)
	

# Not a target:
.SUFFIXES:
#  Implicit rule search has not been done.
#  Modification time never checked.
#  File has not been updated.

# Not a target:
Makefile:
#  Implicit rule search has been done.
#  Last modified 2022-08-18 21:19:31
#  File has been updated.
#  Successfully updated.
# variable set hash-table stats:
# Load=0/32=0%, Rehash=0, Collisions=0/0=0%

test: re
#  Implicit rule search has not been done.
#  Modification time never checked.
#  File has not been updated.
#  commands to execute (from `Makefile', line 51):
	gcc $(NAME) test.c
	

# Not a target:
Lib/Lib1.c:
#  Implicit rule search has been done.
#  Last modified 2022-08-18 21:01:44
#  File has been updated.
#  Successfully updated.
# variable set hash-table stats:
# Load=0/32=0%, Rehash=0, Collisions=0/0=0%

fclean: clean
#  Phony target (prerequisite of .PHONY).
#  Implicit rule search has not been done.
#  File does not exist.
#  File has not been updated.
#  commands to execute (from `Makefile', line 45):
	$(RM) $(NAME)
	

# Not a target:
srcs/print_function_1.c:
#  Implicit rule search has been done.
#  Last modified 2022-08-18 21:15:34
#  File has been updated.
#  Successfully updated.
# variable set hash-table stats:
# Load=0/32=0%, Rehash=0, Collisions=0/0=0%

# Not a target:
inc/ft_printf.h:
#  Implicit rule search has been done.
#  Last modified 2022-08-18 21:01:38
#  File has been updated.
#  Successfully updated.
# variable set hash-table stats:
# Load=0/32=0%, Rehash=0, Collisions=0/0=0%

print_function_3.o: ft_printf.c srcs/print_function_1.c srcs/print_function_2.c srcs/print_function_3.c Lib/Lib1.c inc/ft_printf.h
#  Implicit rule search has not been done.
#  Last modified 2022-08-18 21:17:33
#  File has been updated.
#  Successfully updated.
#  commands to execute (from `Makefile', line 41):
	${CC} -c ${CFLAGS} $(SRCS)
	${LIBC} $(NAME) $(OBJS)
	

# Not a target:
ft_printf.c:
#  Implicit rule search has been done.
#  Last modified 2022-08-18 19:36:19
#  File has been updated.
#  Successfully updated.
# variable set hash-table stats:
# Load=0/32=0%, Rehash=0, Collisions=0/0=0%

# Not a target:
.DEFAULT:
#  Implicit rule search has not been done.
#  Modification time never checked.
#  File has not been updated.

re: fclean all
#  Phony target (prerequisite of .PHONY).
#  Implicit rule search has not been done.
#  File does not exist.
#  File has not been updated.

# Not a target:
srcs/print_function_2.c:
#  Implicit rule search has been done.
#  Last modified 2022-08-18 21:17:31
#  File has been updated.
 
#  Successfully updated.
# variable set hash-table stats:
# Load=0/32=0%, Rehash=0, Collisions=0/0=0%

clean:
#  Phony target (prerequisite of .PHONY).
#  Implicit rule search has not been done.
#  File does not exist.
#  File has not been updated.
#  commands to execute (from `Makefile', line 48):
	$(RM) $(OBJS)
	

Lib1.o: ft_printf.c srcs/print_function_1.c srcs/print_function_2.c srcs/print_function_3.c Lib/Lib1.c inc/ft_printf.h
#  Implicit rule search has not been done.
#  Last modified 2022-08-18 21:17:33
#  File has been updated.
#  Successfully updated.
#  commands to execute (from `Makefile', line 41):
	${CC} -c ${CFLAGS} $(SRCS)
	${LIBC} $(NAME) $(OBJS)
	

libftprintf.a: ft_printf.o print_function_1.o print_function_2.o print_function_3.o Lib1.o
#  Implicit rule search has been done.
#  Last modified 2022-08-18 21:17:33
#  File has been updated.
#  Successfully updated.
# variable set hash-table stats:
# Load=0/32=0%, Rehash=0, Collisions=0/0=0%

print_function_1.o: ft_printf.c srcs/print_function_1.c srcs/print_function_2.c srcs/print_function_3.c Lib/Lib1.c inc/ft_printf.h
#  Implicit rule search has not been done.
#  Last modified 2022-08-18 21:17:33
#  File has been updated.
#  Successfully updated.
#  commands to execute (from `Makefile', line 41):
	${CC} -c ${CFLAGS} $(SRCS)
	${LIBC} $(NAME) $(OBJS)
	

# files hash-table stats:
# Load=21/1024=2%, Rehash=0, Collisions=0/78=0%
# VPATH Search Paths

# No `vpath' search paths.

# No general (`VPATH' variable) search path.

# # of strings in strcache: 1
# # of strcache buffers: 1
# strcache size: total = 4096 / max = 4096 / min = 4096 / avg = 4096
# strcache free: total = 4087 / max = 4087 / min = 4087 / avg = 4087

# Finished Make data base on Thu Aug 18 21:19:34 2022

 
